# JRE version: 7.0_11-b21
# Java VM: Java HotSpot(TM) 64-Bit Server VM (23.6-b04 mixed mode windows-amd64 compressed oops)
Heap
 PSYoungGen      total 35776K, used 16928K [0x00000000fa000000, 0x00000000fc940000, 0x0000000100000000)
  eden space 30720K, 40% used [0x00000000fa000000,0x00000000fac1ff08,0x00000000fbe00000)
  from space 5056K, 89% used [0x00000000fbeb0000,0x00000000fc3184b0,0x00000000fc3a0000)
  to   space 5760K, 0% used [0x00000000fc3a0000,0x00000000fc3a0000,0x00000000fc940000)
 ParOldGen       total 88064K, used 54257K [0x00000000e8000000, 0x00000000ed600000, 0x00000000fa000000)
  object space 88064K, 61% used [0x00000000e8000000,0x00000000eb4fc4b0,0x00000000ed600000)
 PSPermGen       total 86848K, used 59915K [0x00000000e0000000, 0x00000000e54d0000, 0x00000000e8000000)
  object space 86848K, 68% used [0x00000000e0000000,0x00000000e3a82d58,0x00000000e54d0000)
GC Heap History (10 events):
Event: 1664.595 GC heap before
{Heap before GC invocations=73 (full 2):
 PSYoungGen      total 39680K, used 35868K [0x00000000fa000000, 0x00000000fce10000, 0x0000000100000000)
  eden space 34624K, 100% used [0x00000000fa000000,0x00000000fc1d0000,0x00000000fc1d0000)
  from space 5056K, 24% used [0x00000000fc920000,0x00000000fca57110,0x00000000fce10000)
  to   space 6272K, 0% used [0x00000000fc1d0000,0x00000000fc1d0000,0x00000000fc7f0000)
 ParOldGen       total 88064K, used 54121K [0x00000000e8000000, 0x00000000ed600000, 0x00000000fa000000)
  object space 88064K, 61% used [0x00000000e8000000,0x00000000eb4da4b0,0x00000000ed600000)
 PSPermGen       total 86848K, used 58078K [0x00000000e0000000, 0x00000000e54d0000, 0x00000000e8000000)
  object space 86848K, 66% used [0x00000000e0000000,0x00000000e38b79a8,0x00000000e54d0000)
Event: 1664.598 GC heap after
Heap after GC invocations=73 (full 2):
 PSYoungGen      total 35072K, used 1276K [0x00000000fa000000, 0x00000000fcca0000, 0x0000000100000000)
  eden space 33792K, 0% used [0x00000000fa000000,0x00000000fa000000,0x00000000fc100000)
  from space 1280K, 99% used [0x00000000fc1d0000,0x00000000fc30f110,0x00000000fc310000)
  to   space 5952K, 0% used [0x00000000fc6d0000,0x00000000fc6d0000,0x00000000fcca0000)
 ParOldGen       total 88064K, used 54129K [0x00000000e8000000, 0x00000000ed600000, 0x00000000fa000000)
  object space 88064K, 61% used [0x00000000e8000000,0x00000000eb4dc4b0,0x00000000ed600000)
 PSPermGen       total 86848K, used 58078K [0x00000000e0000000, 0x00000000e54d0000, 0x00000000e8000000)
  object space 86848K, 66% used [0x00000000e0000000,0x00000000e38b79a8,0x00000000e54d0000)
}
Event: 1674.842 GC heap before
{Heap before GC invocations=74 (full 2):
 PSYoungGen      total 35072K, used 35068K [0x00000000fa000000, 0x00000000fcca0000, 0x0000000100000000)
  eden space 33792K, 100% used [0x00000000fa000000,0x00000000fc100000,0x00000000fc100000)
  from space 1280K, 99% used [0x00000000fc1d0000,0x00000000fc30f110,0x00000000fc310000)
  to   space 5952K, 0% used [0x00000000fc6d0000,0x00000000fc6d0000,0x00000000fcca0000)
 ParOldGen       total 88064K, used 54129K [0x00000000e8000000, 0x00000000ed600000, 0x00000000fa000000)
  object space 88064K, 61% used [0x00000000e8000000,0x00000000eb4dc4b0,0x00000000ed600000)
 PSPermGen       total 86848K, used 58093K [0x00000000e0000000, 0x00000000e54d0000, 0x00000000e8000000)
  object space 86848K, 66% used [0x00000000e0000000,0x00000000e38bb6f0,0x00000000e54d0000)
Event: 1674.852 GC heap after
Heap after GC invocations=74 (full 2):
 PSYoungGen      total 37440K, used 1276K [0x00000000fa000000, 0x00000000fcb30000, 0x0000000100000000)
  eden space 32960K, 0% used [0x00000000fa000000,0x00000000fa000000,0x00000000fc030000)
  from space 4480K, 28% used [0x00000000fc6d0000,0x00000000fc80f2e8,0x00000000fcb30000)
  to   space 5632K, 0% used [0x00000000fc030000,0x00000000fc030000,0x00000000fc5b0000)
 ParOldGen       total 88064K, used 54145K [0x00000000e8000000, 0x00000000ed600000, 0x00000000fa000000)
  object space 88064K, 61% used [0x00000000e8000000,0x00000000eb4e04b0,0x00000000ed600000)
 PSPermGen       total 86848K, used 58093K [0x00000000e0000000, 0x00000000e54d0000, 0x00000000e8000000)
  object space 86848K, 66% used [0x00000000e0000000,0x00000000e38bb6f0,0x00000000e54d0000)
}
Event: 1698.851 GC heap before
{Heap before GC invocations=75 (full 2):
 PSYoungGen      total 37440K, used 34236K [0x00000000fa000000, 0x00000000fcb30000, 0x0000000100000000)
  eden space 32960K, 100% used [0x00000000fa000000,0x00000000fc030000,0x00000000fc030000)
  from space 4480K, 28% used [0x00000000fc6d0000,0x00000000fc80f2e8,0x00000000fcb30000)
  to   space 5632K, 0% used [0x00000000fc030000,0x00000000fc030000,0x00000000fc5b0000)
 ParOldGen       total 88064K, used 54145K [0x00000000e8000000, 0x00000000ed600000, 0x00000000fa000000)
  object space 88064K, 61% used [0x00000000e8000000,0x00000000eb4e04b0,0x00000000ed600000)
 PSPermGen       total 86848K, used 58102K [0x00000000e0000000, 0x00000000e54d0000, 0x00000000e8000000)
  object space 86848K, 66% used [0x00000000e0000000,0x00000000e38bd820,0x00000000e54d0000)
Event: 1698.854 GC heap after
Heap after GC invocations=75 (full 2):
 PSYoungGen      total 33472K, used 1276K [0x00000000fa000000, 0x00000000fc9d0000, 0x0000000100000000)
  eden space 32192K, 0% used [0x00000000fa000000,0x00000000fa000000,0x00000000fbf70000)
  from space 1280K, 99% used [0x00000000fc030000,0x00000000fc16f2e8,0x00000000fc170000)
  to   space 5312K, 0% used [0x00000000fc4a0000,0x00000000fc4a0000,0x00000000fc9d0000)
 ParOldGen       total 88064K, used 54169K [0x00000000e8000000, 0x00000000ed600000, 0x00000000fa000000)
  object space 88064K, 61% used [0x00000000e8000000,0x00000000eb4e64b0,0x00000000ed600000)
 PSPermGen       total 86848K, used 58102K [0x00000000e0000000, 0x00000000e54d0000, 0x00000000e8000000)
  object space 86848K, 66% used [0x00000000e0000000,0x00000000e38bd820,0x00000000e54d0000)
}
Event: 1706.102 GC heap before
{Heap before GC invocations=76 (full 2):
 PSYoungGen      total 33472K, used 33468K [0x00000000fa000000, 0x00000000fc9d0000, 0x0000000100000000)
  eden space 32192K, 100% used [0x00000000fa000000,0x00000000fbf70000,0x00000000fbf70000)
  from space 1280K, 99% used [0x00000000fc030000,0x00000000fc16f2e8,0x00000000fc170000)
  to   space 5312K, 0% used [0x00000000fc4a0000,0x00000000fc4a0000,0x00000000fc9d0000)
 ParOldGen       total 88064K, used 54169K [0x00000000e8000000, 0x00000000ed600000, 0x00000000fa000000)
  object space 88064K, 61% used [0x00000000e8000000,0x00000000eb4e64b0,0x00000000ed600000)
 PSPermGen       total 86848K, used 58960K [0x00000000e0000000, 0x00000000e54d0000, 0x00000000e8000000)
  object space 86848K, 67% used [0x00000000e0000000,0x00000000e3994178,0x00000000e54d0000)
Event: 1706.106 GC heap after
Heap after GC invocations=76 (full 2):
 PSYoungGen      total 35456K, used 2016K [0x00000000fa000000, 0x00000000fc890000, 0x0000000100000000)
  eden space 31424K, 0% used [0x00000000fa000000,0x00000000fa000000,0x00000000fbeb0000)
  from space 4032K, 50% used [0x00000000fc4a0000,0x00000000fc6980e8,0x00000000fc890000)
  to   space 5056K, 0% used [0x00000000fbeb0000,0x00000000fbeb0000,0x00000000fc3a0000)
 ParOldGen       total 88064K, used 54241K [0x00000000e8000000, 0x00000000ed600000, 0x00000000fa000000)
  object space 88064K, 61% used [0x00000000e8000000,0x00000000eb4f84b0,0x00000000ed600000)
 PSPermGen       total 86848K, used 58960K [0x00000000e0000000, 0x00000000e54d0000, 0x00000000e8000000)
  object space 86848K, 67% used [0x00000000e0000000,0x00000000e3994178,0x00000000e54d0000)
}
Event: 1707.642 GC heap before
{Heap before GC invocations=77 (full 2):
 PSYoungGen      total 35456K, used 33440K [0x00000000fa000000, 0x00000000fc890000, 0x0000000100000000)
  eden space 31424K, 100% used [0x00000000fa000000,0x00000000fbeb0000,0x00000000fbeb0000)
  from space 4032K, 50% used [0x00000000fc4a0000,0x00000000fc6980e8,0x00000000fc890000)
  to   space 5056K, 0% used [0x00000000fbeb0000,0x00000000fbeb0000,0x00000000fc3a0000)
 ParOldGen       total 88064K, used 54241K [0x00000000e8000000, 0x00000000ed600000, 0x00000000fa000000)
  object space 88064K, 61% used [0x00000000e8000000,0x00000000eb4f84b0,0x00000000ed600000)
 PSPermGen       total 86848K, used 59808K [0x00000000e0000000, 0x00000000e54d0000, 0x00000000e8000000)
  object space 86848K, 68% used [0x00000000e0000000,0x00000000e3a68300,0x00000000e54d0000)
Event: 1707.646 GC heap after
Heap after GC invocations=77 (full 2):
 PSYoungGen      total 35776K, used 4513K [0x00000000fa000000, 0x00000000fc940000, 0x0000000100000000)
  eden space 30720K, 0% used [0x00000000fa000000,0x00000000fa000000,0x00000000fbe00000)
  from space 5056K, 89% used [0x00000000fbeb0000,0x00000000fc3184b0,0x00000000fc3a0000)
  to   space 5760K, 0% used [0x00000000fc3a0000,0x00000000fc3a0000,0x00000000fc940000)
 ParOldGen       total 88064K, used 54257K [0x00000000e8000000, 0x00000000ed600000, 0x00000000fa000000)
  object space 88064K, 61% used [0x00000000e8000000,0x00000000eb4fc4b0,0x00000000ed600000)
 PSPermGen       total 86848K, used 59808K [0x00000000e0000000, 0x00000000e54d0000, 0x00000000e8000000)
  object space 86848K, 68% used [0x00000000e0000000,0x00000000e3a68300,0x00000000e54d0000)
}

