# JRE version: 7.0_11-b21
# Java VM: Java HotSpot(TM) 64-Bit Server VM (23.6-b04 mixed mode windows-amd64 compressed oops)
Heap
 PSYoungGen      total 90368K, used 74243K [0x00000000fa000000, 0x00000000fffb0000, 0x0000000100000000)
  eden space 83392K, 83% used [0x00000000fa000000,0x00000000fe3ca9f8,0x00000000ff170000)
  from space 6976K, 69% used [0x00000000ff840000,0x00000000ffcf6388,0x00000000fff10000)
  to   space 6976K, 0% used [0x00000000ff170000,0x00000000ff170000,0x00000000ff840000)
 ParOldGen       total 74752K, used 55003K [0x00000000e8000000, 0x00000000ec900000, 0x00000000fa000000)
  object space 74752K, 73% used [0x00000000e8000000,0x00000000eb5b6f08,0x00000000ec900000)
 PSPermGen       total 85952K, used 59377K [0x00000000e0000000, 0x00000000e53f0000, 0x00000000e8000000)
  object space 85952K, 69% used [0x00000000e0000000,0x00000000e39fc760,0x00000000e53f0000)
GC Heap History (10 events):
Event: 23.370 GC heap before
{Heap before GC invocations=39 (full 1):
 PSYoungGen      total 89216K, used 85795K [0x00000000fa000000, 0x0000000100000000, 0x0000000100000000)
  eden space 81344K, 100% used [0x00000000fa000000,0x00000000fef70000,0x00000000fef70000)
  from space 7872K, 56% used [0x00000000fef70000,0x00000000ff3c8f80,0x00000000ff720000)
  to   space 7744K, 0% used [0x00000000ff870000,0x00000000ff870000,0x0000000100000000)
 ParOldGen       total 74752K, used 53587K [0x00000000e8000000, 0x00000000ec900000, 0x00000000fa000000)
  object space 74752K, 71% used [0x00000000e8000000,0x00000000eb454ef8,0x00000000ec900000)
 PSPermGen       total 85952K, used 56876K [0x00000000e0000000, 0x00000000e53f0000, 0x00000000e8000000)
  object space 85952K, 66% used [0x00000000e0000000,0x00000000e378b078,0x00000000e53f0000)
Event: 23.390 GC heap after
Heap after GC invocations=39 (full 1):
 PSYoungGen      total 90176K, used 5580K [0x00000000fa000000, 0x0000000100000000, 0x0000000100000000)
  eden space 82432K, 0% used [0x00000000fa000000,0x00000000fa000000,0x00000000ff080000)
  from space 7744K, 72% used [0x00000000ff870000,0x00000000ffde33a0,0x0000000100000000)
  to   space 7936K, 0% used [0x00000000ff080000,0x00000000ff080000,0x00000000ff840000)
 ParOldGen       total 74752K, used 53587K [0x00000000e8000000, 0x00000000ec900000, 0x00000000fa000000)
  object space 74752K, 71% used [0x00000000e8000000,0x00000000eb454ef8,0x00000000ec900000)
 PSPermGen       total 85952K, used 56876K [0x00000000e0000000, 0x00000000e53f0000, 0x00000000e8000000)
  object space 85952K, 66% used [0x00000000e0000000,0x00000000e378b078,0x00000000e53f0000)
}
Event: 23.960 GC heap before
{Heap before GC invocations=40 (full 1):
 PSYoungGen      total 90176K, used 88012K [0x00000000fa000000, 0x0000000100000000, 0x0000000100000000)
  eden space 82432K, 100% used [0x00000000fa000000,0x00000000ff080000,0x00000000ff080000)
  from space 7744K, 72% used [0x00000000ff870000,0x00000000ffde33a0,0x0000000100000000)
  to   space 7936K, 0% used [0x00000000ff080000,0x00000000ff080000,0x00000000ff840000)
 ParOldGen       total 74752K, used 53587K [0x00000000e8000000, 0x00000000ec900000, 0x00000000fa000000)
  object space 74752K, 71% used [0x00000000e8000000,0x00000000eb454ef8,0x00000000ec900000)
 PSPermGen       total 85952K, used 56877K [0x00000000e0000000, 0x00000000e53f0000, 0x00000000e8000000)
  object space 85952K, 66% used [0x00000000e0000000,0x00000000e378b780,0x00000000e53f0000)
Event: 23.965 GC heap after
Heap after GC invocations=40 (full 1):
 PSYoungGen      total 86336K, used 3852K [0x00000000fa000000, 0x00000000fff90000, 0x0000000100000000)
  eden space 82432K, 0% used [0x00000000fa000000,0x00000000fa000000,0x00000000ff080000)
  from space 3904K, 98% used [0x00000000ff080000,0x00000000ff4433a0,0x00000000ff450000)
  to   space 7616K, 0% used [0x00000000ff820000,0x00000000ff820000,0x00000000fff90000)
 ParOldGen       total 74752K, used 54683K [0x00000000e8000000, 0x00000000ec900000, 0x00000000fa000000)
  object space 74752K, 73% used [0x00000000e8000000,0x00000000eb566ef8,0x00000000ec900000)
 PSPermGen       total 85952K, used 56877K [0x00000000e0000000, 0x00000000e53f0000, 0x00000000e8000000)
  object space 85952K, 66% used [0x00000000e0000000,0x00000000e378b780,0x00000000e53f0000)
}
Event: 29.060 GC heap before
{Heap before GC invocations=41 (full 1):
 PSYoungGen      total 86336K, used 86284K [0x00000000fa000000, 0x00000000fff90000, 0x0000000100000000)
  eden space 82432K, 100% used [0x00000000fa000000,0x00000000ff080000,0x00000000ff080000)
  from space 3904K, 98% used [0x00000000ff080000,0x00000000ff4433a0,0x00000000ff450000)
  to   space 7616K, 0% used [0x00000000ff820000,0x00000000ff820000,0x00000000fff90000)
 ParOldGen       total 74752K, used 54683K [0x00000000e8000000, 0x00000000ec900000, 0x00000000fa000000)
  object space 74752K, 73% used [0x00000000e8000000,0x00000000eb566ef8,0x00000000ec900000)
 PSPermGen       total 85952K, used 56937K [0x00000000e0000000, 0x00000000e53f0000, 0x00000000e8000000)
  object space 85952K, 66% used [0x00000000e0000000,0x00000000e379a768,0x00000000e53f0000)
Event: 29.064 GC heap after
Heap after GC invocations=41 (full 1):
 PSYoungGen      total 90560K, used 3782K [0x00000000fa000000, 0x0000000100000000, 0x0000000100000000)
  eden space 82944K, 0% used [0x00000000fa000000,0x00000000fa000000,0x00000000ff100000)
  from space 7616K, 49% used [0x00000000ff820000,0x00000000ffbd1908,0x00000000fff90000)
  to   space 7296K, 0% used [0x00000000ff100000,0x00000000ff100000,0x00000000ff820000)
 ParOldGen       total 74752K, used 54843K [0x00000000e8000000, 0x00000000ec900000, 0x00000000fa000000)
  object space 74752K, 73% used [0x00000000e8000000,0x00000000eb58ef08,0x00000000ec900000)
 PSPermGen       total 85952K, used 56937K [0x00000000e0000000, 0x00000000e53f0000, 0x00000000e8000000)
  object space 85952K, 66% used [0x00000000e0000000,0x00000000e379a768,0x00000000e53f0000)
}
Event: 30.792 GC heap before
{Heap before GC invocations=42 (full 1):
 PSYoungGen      total 90560K, used 86726K [0x00000000fa000000, 0x0000000100000000, 0x0000000100000000)
  eden space 82944K, 100% used [0x00000000fa000000,0x00000000ff100000,0x00000000ff100000)
  from space 7616K, 49% used [0x00000000ff820000,0x00000000ffbd1908,0x00000000fff90000)
  to   space 7296K, 0% used [0x00000000ff100000,0x00000000ff100000,0x00000000ff820000)
 ParOldGen       total 74752K, used 54843K [0x00000000e8000000, 0x00000000ec900000, 0x00000000fa000000)
  object space 74752K, 73% used [0x00000000e8000000,0x00000000eb58ef08,0x00000000ec900000)
 PSPermGen       total 85952K, used 57056K [0x00000000e0000000, 0x00000000e53f0000, 0x00000000e8000000)
  object space 85952K, 66% used [0x00000000e0000000,0x00000000e37b8070,0x00000000e53f0000)
Event: 30.796 GC heap after
Heap after GC invocations=42 (full 1):
 PSYoungGen      total 90240K, used 3884K [0x00000000fa000000, 0x00000000fff10000, 0x0000000100000000)
  eden space 82944K, 0% used [0x00000000fa000000,0x00000000fa000000,0x00000000ff100000)
  from space 7296K, 53% used [0x00000000ff100000,0x00000000ff4cb3a0,0x00000000ff820000)
  to   space 6976K, 0% used [0x00000000ff840000,0x00000000ff840000,0x00000000fff10000)
 ParOldGen       total 74752K, used 54867K [0x00000000e8000000, 0x00000000ec900000, 0x00000000fa000000)
  object space 74752K, 73% used [0x00000000e8000000,0x00000000eb594f08,0x00000000ec900000)
 PSPermGen       total 85952K, used 57056K [0x00000000e0000000, 0x00000000e53f0000, 0x00000000e8000000)
  object space 85952K, 66% used [0x00000000e0000000,0x00000000e37b8070,0x00000000e53f0000)
}
Event: 32.891 GC heap before
{Heap before GC invocations=43 (full 1):
 PSYoungGen      total 90240K, used 86828K [0x00000000fa000000, 0x00000000fff10000, 0x0000000100000000)
  eden space 82944K, 100% used [0x00000000fa000000,0x00000000ff100000,0x00000000ff100000)
  from space 7296K, 53% used [0x00000000ff100000,0x00000000ff4cb3a0,0x00000000ff820000)
  to   space 6976K, 0% used [0x00000000ff840000,0x00000000ff840000,0x00000000fff10000)
 ParOldGen       total 74752K, used 54867K [0x00000000e8000000, 0x00000000ec900000, 0x00000000fa000000)
  object space 74752K, 73% used [0x00000000e8000000,0x00000000eb594f08,0x00000000ec900000)
 PSPermGen       total 85952K, used 57781K [0x00000000e0000000, 0x00000000e53f0000, 0x00000000e8000000)
  object space 85952K, 67% used [0x00000000e0000000,0x00000000e386d670,0x00000000e53f0000)
Event: 32.896 GC heap after
Heap after GC invocations=43 (full 1):
 PSYoungGen      total 90368K, used 4824K [0x00000000fa000000, 0x00000000fffb0000, 0x0000000100000000)
  eden space 83392K, 0% used [0x00000000fa000000,0x00000000fa000000,0x00000000ff170000)
  from space 6976K, 69% used [0x00000000ff840000,0x00000000ffcf6388,0x00000000fff10000)
  to   space 6976K, 0% used [0x00000000ff170000,0x00000000ff170000,0x00000000ff840000)
 ParOldGen       total 74752K, used 55003K [0x00000000e8000000, 0x00000000ec900000, 0x00000000fa000000)
  object space 74752K, 73% used [0x00000000e8000000,0x00000000eb5b6f08,0x00000000ec900000)
 PSPermGen       total 85952K, used 57781K [0x00000000e0000000, 0x00000000e53f0000, 0x00000000e8000000)
  object space 85952K, 67% used [0x00000000e0000000,0x00000000e386d670,0x00000000e53f0000)
}

