# JRE version: 7.0_11-b21
# Java VM: Java HotSpot(TM) 64-Bit Server VM (23.6-b04 mixed mode windows-amd64 compressed oops)
Heap
 PSYoungGen      total 87552K, used 14860K [0x00000000fa000000, 0x0000000100000000, 0x0000000100000000)
  eden space 77952K, 9% used [0x00000000fa000000,0x00000000fa79a890,0x00000000fec20000)
  from space 9600K, 73% used [0x00000000ff6a0000,0x00000000ffd88780,0x0000000100000000)
  to   space 10176K, 0% used [0x00000000fec20000,0x00000000fec20000,0x00000000ff610000)
 ParOldGen       total 70464K, used 50520K [0x00000000e8000000, 0x00000000ec4d0000, 0x00000000fa000000)
  object space 70464K, 71% used [0x00000000e8000000,0x00000000eb156210,0x00000000ec4d0000)
 PSPermGen       total 85120K, used 59075K [0x00000000e0000000, 0x00000000e5320000, 0x00000000e8000000)
  object space 85120K, 69% used [0x00000000e0000000,0x00000000e39b0f10,0x00000000e5320000)
GC Heap History (10 events):
Event: 22.880 GC heap before
{Heap before GC invocations=43 (full 1):
 PSYoungGen      total 85184K, used 77445K [0x00000000fa000000, 0x00000000ffe80000, 0x0000000100000000)
  eden space 73792K, 100% used [0x00000000fa000000,0x00000000fe810000,0x00000000fe810000)
  from space 11392K, 32% used [0x00000000fe810000,0x00000000feba14e8,0x00000000ff330000)
  to   space 10624K, 0% used [0x00000000ff420000,0x00000000ff420000,0x00000000ffe80000)
 ParOldGen       total 70464K, used 50360K [0x00000000e8000000, 0x00000000ec4d0000, 0x00000000fa000000)
  object space 70464K, 71% used [0x00000000e8000000,0x00000000eb12e210,0x00000000ec4d0000)
 PSPermGen       total 85120K, used 56909K [0x00000000e0000000, 0x00000000e5320000, 0x00000000e8000000)
  object space 85120K, 66% used [0x00000000e0000000,0x00000000e37935f8,0x00000000e5320000)
Event: 22.884 GC heap after
Heap after GC invocations=43 (full 1):
 PSYoungGen      total 86272K, used 3739K [0x00000000fa000000, 0x00000000ffe00000, 0x0000000100000000)
  eden space 76160K, 0% used [0x00000000fa000000,0x00000000fa000000,0x00000000fea60000)
  from space 10112K, 36% used [0x00000000ff420000,0x00000000ff7c6df0,0x00000000ffe00000)
  to   space 9984K, 0% used [0x00000000fea60000,0x00000000fea60000,0x00000000ff420000)
 ParOldGen       total 70464K, used 50360K [0x00000000e8000000, 0x00000000ec4d0000, 0x00000000fa000000)
  object space 70464K, 71% used [0x00000000e8000000,0x00000000eb12e210,0x00000000ec4d0000)
 PSPermGen       total 85120K, used 56909K [0x00000000e0000000, 0x00000000e5320000, 0x00000000e8000000)
  object space 85120K, 66% used [0x00000000e0000000,0x00000000e37935f8,0x00000000e5320000)
}
Event: 23.594 GC heap before
{Heap before GC invocations=44 (full 1):
 PSYoungGen      total 86272K, used 79899K [0x00000000fa000000, 0x00000000ffe00000, 0x0000000100000000)
  eden space 76160K, 100% used [0x00000000fa000000,0x00000000fea60000,0x00000000fea60000)
  from space 10112K, 36% used [0x00000000ff420000,0x00000000ff7c6df0,0x00000000ffe00000)
  to   space 9984K, 0% used [0x00000000fea60000,0x00000000fea60000,0x00000000ff420000)
 ParOldGen       total 70464K, used 50360K [0x00000000e8000000, 0x00000000ec4d0000, 0x00000000fa000000)
  object space 70464K, 71% used [0x00000000e8000000,0x00000000eb12e210,0x00000000ec4d0000)
 PSPermGen       total 85120K, used 56918K [0x00000000e0000000, 0x00000000e5320000, 0x00000000e8000000)
  object space 85120K, 66% used [0x00000000e0000000,0x00000000e37958a0,0x00000000e5320000)
Event: 23.598 GC heap after
Heap after GC invocations=44 (full 1):
 PSYoungGen      total 86144K, used 3523K [0x00000000fa000000, 0x00000000ffea0000, 0x0000000100000000)
  eden space 76160K, 0% used [0x00000000fa000000,0x00000000fa000000,0x00000000fea60000)
  from space 9984K, 35% used [0x00000000fea60000,0x00000000fedd0c18,0x00000000ff420000)
  to   space 9344K, 0% used [0x00000000ff580000,0x00000000ff580000,0x00000000ffea0000)
 ParOldGen       total 70464K, used 50360K [0x00000000e8000000, 0x00000000ec4d0000, 0x00000000fa000000)
  object space 70464K, 71% used [0x00000000e8000000,0x00000000eb12e210,0x00000000ec4d0000)
 PSPermGen       total 85120K, used 56918K [0x00000000e0000000, 0x00000000e5320000, 0x00000000e8000000)
  object space 85120K, 66% used [0x00000000e0000000,0x00000000e37958a0,0x00000000e5320000)
}
Event: 31.299 GC heap before
{Heap before GC invocations=45 (full 1):
 PSYoungGen      total 86144K, used 79683K [0x00000000fa000000, 0x00000000ffea0000, 0x0000000100000000)
  eden space 76160K, 100% used [0x00000000fa000000,0x00000000fea60000,0x00000000fea60000)
  from space 9984K, 35% used [0x00000000fea60000,0x00000000fedd0c18,0x00000000ff420000)
  to   space 9344K, 0% used [0x00000000ff580000,0x00000000ff580000,0x00000000ffea0000)
 ParOldGen       total 70464K, used 50360K [0x00000000e8000000, 0x00000000ec4d0000, 0x00000000fa000000)
  object space 70464K, 71% used [0x00000000e8000000,0x00000000eb12e210,0x00000000ec4d0000)
 PSPermGen       total 85120K, used 57099K [0x00000000e0000000, 0x00000000e5320000, 0x00000000e8000000)
  object space 85120K, 67% used [0x00000000e0000000,0x00000000e37c2ec8,0x00000000e5320000)
Event: 31.303 GC heap after
Heap after GC invocations=45 (full 1):
 PSYoungGen      total 87424K, used 3747K [0x00000000fa000000, 0x00000000ffe10000, 0x0000000100000000)
  eden space 78656K, 0% used [0x00000000fa000000,0x00000000fa000000,0x00000000fecd0000)
  from space 8768K, 42% used [0x00000000ff580000,0x00000000ff928ff0,0x00000000ffe10000)
  to   space 8832K, 0% used [0x00000000fecd0000,0x00000000fecd0000,0x00000000ff570000)
 ParOldGen       total 70464K, used 50360K [0x00000000e8000000, 0x00000000ec4d0000, 0x00000000fa000000)
  object space 70464K, 71% used [0x00000000e8000000,0x00000000eb12e210,0x00000000ec4d0000)
 PSPermGen       total 85120K, used 57099K [0x00000000e0000000, 0x00000000e5320000, 0x00000000e8000000)
  object space 85120K, 67% used [0x00000000e0000000,0x00000000e37c2ec8,0x00000000e5320000)
}
Event: 33.466 GC heap before
{Heap before GC invocations=46 (full 1):
 PSYoungGen      total 87424K, used 82403K [0x00000000fa000000, 0x00000000ffe10000, 0x0000000100000000)
  eden space 78656K, 100% used [0x00000000fa000000,0x00000000fecd0000,0x00000000fecd0000)
  from space 8768K, 42% used [0x00000000ff580000,0x00000000ff928ff0,0x00000000ffe10000)
  to   space 8832K, 0% used [0x00000000fecd0000,0x00000000fecd0000,0x00000000ff570000)
 ParOldGen       total 70464K, used 50360K [0x00000000e8000000, 0x00000000ec4d0000, 0x00000000fa000000)
  object space 70464K, 71% used [0x00000000e8000000,0x00000000eb12e210,0x00000000ec4d0000)
 PSPermGen       total 85120K, used 58797K [0x00000000e0000000, 0x00000000e5320000, 0x00000000e8000000)
  object space 85120K, 69% used [0x00000000e0000000,0x00000000e396b5b8,0x00000000e5320000)
Event: 33.472 GC heap after
Heap after GC invocations=46 (full 1):
 PSYoungGen      total 87488K, used 7219K [0x00000000fa000000, 0x0000000100000000, 0x0000000100000000)
  eden space 78656K, 0% used [0x00000000fa000000,0x00000000fa000000,0x00000000fecd0000)
  from space 8832K, 81% used [0x00000000fecd0000,0x00000000ff3dce40,0x00000000ff570000)
  to   space 9600K, 0% used [0x00000000ff6a0000,0x00000000ff6a0000,0x0000000100000000)
 ParOldGen       total 70464K, used 50392K [0x00000000e8000000, 0x00000000ec4d0000, 0x00000000fa000000)
  object space 70464K, 71% used [0x00000000e8000000,0x00000000eb136210,0x00000000ec4d0000)
 PSPermGen       total 85120K, used 58797K [0x00000000e0000000, 0x00000000e5320000, 0x00000000e8000000)
  object space 85120K, 69% used [0x00000000e0000000,0x00000000e396b5b8,0x00000000e5320000)
}
Event: 34.131 GC heap before
{Heap before GC invocations=47 (full 1):
 PSYoungGen      total 87488K, used 85875K [0x00000000fa000000, 0x0000000100000000, 0x0000000100000000)
  eden space 78656K, 100% used [0x00000000fa000000,0x00000000fecd0000,0x00000000fecd0000)
  from space 8832K, 81% used [0x00000000fecd0000,0x00000000ff3dce40,0x00000000ff570000)
  to   space 9600K, 0% used [0x00000000ff6a0000,0x00000000ff6a0000,0x0000000100000000)
 ParOldGen       total 70464K, used 50392K [0x00000000e8000000, 0x00000000ec4d0000, 0x00000000fa000000)
  object space 70464K, 71% used [0x00000000e8000000,0x00000000eb136210,0x00000000ec4d0000)
 PSPermGen       total 85120K, used 58980K [0x00000000e0000000, 0x00000000e5320000, 0x00000000e8000000)
  object space 85120K, 69% used [0x00000000e0000000,0x00000000e3999058,0x00000000e5320000)
Event: 34.137 GC heap after
Heap after GC invocations=47 (full 1):
 PSYoungGen      total 87552K, used 7073K [0x00000000fa000000, 0x0000000100000000, 0x0000000100000000)
  eden space 77952K, 0% used [0x00000000fa000000,0x00000000fa000000,0x00000000fec20000)
  from space 9600K, 73% used [0x00000000ff6a0000,0x00000000ffd88780,0x0000000100000000)
  to   space 10176K, 0% used [0x00000000fec20000,0x00000000fec20000,0x00000000ff610000)
 ParOldGen       total 70464K, used 50520K [0x00000000e8000000, 0x00000000ec4d0000, 0x00000000fa000000)
  object space 70464K, 71% used [0x00000000e8000000,0x00000000eb156210,0x00000000ec4d0000)
 PSPermGen       total 85120K, used 58980K [0x00000000e0000000, 0x00000000e5320000, 0x00000000e8000000)
  object space 85120K, 69% used [0x00000000e0000000,0x00000000e3999058,0x00000000e5320000)
}

