# JRE version: 7.0_11-b21
# Java VM: Java HotSpot(TM) 64-Bit Server VM (23.6-b04 mixed mode windows-amd64 compressed oops)
Heap
 PSYoungGen      total 87360K, used 57207K [0x00000000fa000000, 0x0000000100000000, 0x0000000100000000)
  eden space 77248K, 67% used [0x00000000fa000000,0x00000000fd2b4700,0x00000000feb70000)
  from space 10112K, 52% used [0x00000000feb70000,0x00000000ff099558,0x00000000ff550000)
  to   space 10112K, 0% used [0x00000000ff620000,0x00000000ff620000,0x0000000100000000)
 ParOldGen       total 90496K, used 51651K [0x00000000e8000000, 0x00000000ed860000, 0x00000000fa000000)
  object space 90496K, 57% used [0x00000000e8000000,0x00000000eb270f18,0x00000000ed860000)
 PSPermGen       total 106240K, used 60383K [0x00000000e0000000, 0x00000000e67c0000, 0x00000000e8000000)
  object space 106240K, 56% used [0x00000000e0000000,0x00000000e3af7ed0,0x00000000e67c0000)
GC Heap History (10 events):
Event: 74.093 GC heap before
{Heap before GC invocations=47 (full 2):
 PSYoungGen      total 87424K, used 77959K [0x00000000fa000000, 0x0000000100000000, 0x0000000100000000)
  eden space 76672K, 100% used [0x00000000fa000000,0x00000000feae0000,0x00000000feae0000)
  from space 10752K, 11% used [0x00000000ff580000,0x00000000ff6c1cd8,0x0000000100000000)
  to   space 10816K, 0% used [0x00000000feae0000,0x00000000feae0000,0x00000000ff570000)
 ParOldGen       total 90496K, used 51651K [0x00000000e8000000, 0x00000000ed860000, 0x00000000fa000000)
  object space 90496K, 57% used [0x00000000e8000000,0x00000000eb270f18,0x00000000ed860000)
 PSPermGen       total 106240K, used 57875K [0x00000000e0000000, 0x00000000e67c0000, 0x00000000e8000000)
  object space 106240K, 54% used [0x00000000e0000000,0x00000000e3884ec0,0x00000000e67c0000)
Event: 74.096 GC heap after
Heap after GC invocations=47 (full 2):
 PSYoungGen      total 87488K, used 1533K [0x00000000fa000000, 0x00000000ffff0000, 0x0000000100000000)
  eden space 76672K, 0% used [0x00000000fa000000,0x00000000fa000000,0x00000000feae0000)
  from space 10816K, 14% used [0x00000000feae0000,0x00000000fec5f4b0,0x00000000ff570000)
  to   space 10752K, 0% used [0x00000000ff570000,0x00000000ff570000,0x00000000ffff0000)
 ParOldGen       total 90496K, used 51651K [0x00000000e8000000, 0x00000000ed860000, 0x00000000fa000000)
  object space 90496K, 57% used [0x00000000e8000000,0x00000000eb270f18,0x00000000ed860000)
 PSPermGen       total 106240K, used 57875K [0x00000000e0000000, 0x00000000e67c0000, 0x00000000e8000000)
  object space 106240K, 54% used [0x00000000e0000000,0x00000000e3884ec0,0x00000000e67c0000)
}
Event: 74.290 GC heap before
{Heap before GC invocations=48 (full 2):
 PSYoungGen      total 87488K, used 78205K [0x00000000fa000000, 0x00000000ffff0000, 0x0000000100000000)
  eden space 76672K, 100% used [0x00000000fa000000,0x00000000feae0000,0x00000000feae0000)
  from space 10816K, 14% used [0x00000000feae0000,0x00000000fec5f4b0,0x00000000ff570000)
  to   space 10752K, 0% used [0x00000000ff570000,0x00000000ff570000,0x00000000ffff0000)
 ParOldGen       total 90496K, used 51651K [0x00000000e8000000, 0x00000000ed860000, 0x00000000fa000000)
  object space 90496K, 57% used [0x00000000e8000000,0x00000000eb270f18,0x00000000ed860000)
 PSPermGen       total 106240K, used 57904K [0x00000000e0000000, 0x00000000e67c0000, 0x00000000e8000000)
  object space 106240K, 54% used [0x00000000e0000000,0x00000000e388c2e0,0x00000000e67c0000)
Event: 74.295 GC heap after
Heap after GC invocations=48 (full 2):
 PSYoungGen      total 87232K, used 1223K [0x00000000fa000000, 0x00000000fffb0000, 0x0000000100000000)
  eden space 76736K, 0% used [0x00000000fa000000,0x00000000fa000000,0x00000000feaf0000)
  from space 10496K, 11% used [0x00000000ff570000,0x00000000ff6a1cd8,0x00000000fffb0000)
  to   space 10624K, 0% used [0x00000000feaf0000,0x00000000feaf0000,0x00000000ff550000)
 ParOldGen       total 90496K, used 51651K [0x00000000e8000000, 0x00000000ed860000, 0x00000000fa000000)
  object space 90496K, 57% used [0x00000000e8000000,0x00000000eb270f18,0x00000000ed860000)
 PSPermGen       total 106240K, used 57904K [0x00000000e0000000, 0x00000000e67c0000, 0x00000000e8000000)
  object space 106240K, 54% used [0x00000000e0000000,0x00000000e388c2e0,0x00000000e67c0000)
}
Event: 74.895 GC heap before
{Heap before GC invocations=49 (full 2):
 PSYoungGen      total 87232K, used 77959K [0x00000000fa000000, 0x00000000fffb0000, 0x0000000100000000)
  eden space 76736K, 100% used [0x00000000fa000000,0x00000000feaf0000,0x00000000feaf0000)
  from space 10496K, 11% used [0x00000000ff570000,0x00000000ff6a1cd8,0x00000000fffb0000)
  to   space 10624K, 0% used [0x00000000feaf0000,0x00000000feaf0000,0x00000000ff550000)
 ParOldGen       total 90496K, used 51651K [0x00000000e8000000, 0x00000000ed860000, 0x00000000fa000000)
  object space 90496K, 57% used [0x00000000e8000000,0x00000000eb270f18,0x00000000ed860000)
 PSPermGen       total 106240K, used 58082K [0x00000000e0000000, 0x00000000e67c0000, 0x00000000e8000000)
  object space 106240K, 54% used [0x00000000e0000000,0x00000000e38b8a40,0x00000000e67c0000)
Event: 74.898 GC heap after
Heap after GC invocations=49 (full 2):
 PSYoungGen      total 87360K, used 1543K [0x00000000fa000000, 0x00000000fffc0000, 0x0000000100000000)
  eden space 76736K, 0% used [0x00000000fa000000,0x00000000fa000000,0x00000000feaf0000)
  from space 10624K, 14% used [0x00000000feaf0000,0x00000000fec71cd8,0x00000000ff550000)
  to   space 10432K, 0% used [0x00000000ff590000,0x00000000ff590000,0x00000000fffc0000)
 ParOldGen       total 90496K, used 51651K [0x00000000e8000000, 0x00000000ed860000, 0x00000000fa000000)
  object space 90496K, 57% used [0x00000000e8000000,0x00000000eb270f18,0x00000000ed860000)
 PSPermGen       total 106240K, used 58082K [0x00000000e0000000, 0x00000000e67c0000, 0x00000000e8000000)
  object space 106240K, 54% used [0x00000000e0000000,0x00000000e38b8a40,0x00000000e67c0000)
}
Event: 109.191 GC heap before
{Heap before GC invocations=50 (full 2):
 PSYoungGen      total 87360K, used 78279K [0x00000000fa000000, 0x00000000fffc0000, 0x0000000100000000)
  eden space 76736K, 100% used [0x00000000fa000000,0x00000000feaf0000,0x00000000feaf0000)
  from space 10624K, 14% used [0x00000000feaf0000,0x00000000fec71cd8,0x00000000ff550000)
  to   space 10432K, 0% used [0x00000000ff590000,0x00000000ff590000,0x00000000fffc0000)
 ParOldGen       total 90496K, used 51651K [0x00000000e8000000, 0x00000000ed860000, 0x00000000fa000000)
  object space 90496K, 57% used [0x00000000e8000000,0x00000000eb270f18,0x00000000ed860000)
 PSPermGen       total 106240K, used 58133K [0x00000000e0000000, 0x00000000e67c0000, 0x00000000e8000000)
  object space 106240K, 54% used [0x00000000e0000000,0x00000000e38c5608,0x00000000e67c0000)
Event: 109.194 GC heap after
Heap after GC invocations=50 (full 2):
 PSYoungGen      total 87104K, used 1575K [0x00000000fa000000, 0x00000000fff30000, 0x0000000100000000)
  eden space 77248K, 0% used [0x00000000fa000000,0x00000000fa000000,0x00000000feb70000)
  from space 9856K, 15% used [0x00000000ff590000,0x00000000ff719cd8,0x00000000fff30000)
  to   space 10112K, 0% used [0x00000000feb70000,0x00000000feb70000,0x00000000ff550000)
 ParOldGen       total 90496K, used 51651K [0x00000000e8000000, 0x00000000ed860000, 0x00000000fa000000)
  object space 90496K, 57% used [0x00000000e8000000,0x00000000eb270f18,0x00000000ed860000)
 PSPermGen       total 106240K, used 58133K [0x00000000e0000000, 0x00000000e67c0000, 0x00000000e8000000)
  object space 106240K, 54% used [0x00000000e0000000,0x00000000e38c5608,0x00000000e67c0000)
}
Event: 123.561 GC heap before
{Heap before GC invocations=51 (full 2):
 PSYoungGen      total 87104K, used 78823K [0x00000000fa000000, 0x00000000fff30000, 0x0000000100000000)
  eden space 77248K, 100% used [0x00000000fa000000,0x00000000feb70000,0x00000000feb70000)
  from space 9856K, 15% used [0x00000000ff590000,0x00000000ff719cd8,0x00000000fff30000)
  to   space 10112K, 0% used [0x00000000feb70000,0x00000000feb70000,0x00000000ff550000)
 ParOldGen       total 90496K, used 51651K [0x00000000e8000000, 0x00000000ed860000, 0x00000000fa000000)
  object space 90496K, 57% used [0x00000000e8000000,0x00000000eb270f18,0x00000000ed860000)
 PSPermGen       total 106240K, used 59996K [0x00000000e0000000, 0x00000000e67c0000, 0x00000000e8000000)
  object space 106240K, 56% used [0x00000000e0000000,0x00000000e3a973d8,0x00000000e67c0000)
Event: 123.565 GC heap after
Heap after GC invocations=51 (full 2):
 PSYoungGen      total 87360K, used 5285K [0x00000000fa000000, 0x0000000100000000, 0x0000000100000000)
  eden space 77248K, 0% used [0x00000000fa000000,0x00000000fa000000,0x00000000feb70000)
  from space 10112K, 52% used [0x00000000feb70000,0x00000000ff099558,0x00000000ff550000)
  to   space 10112K, 0% used [0x00000000ff620000,0x00000000ff620000,0x0000000100000000)
 ParOldGen       total 90496K, used 51651K [0x00000000e8000000, 0x00000000ed860000, 0x00000000fa000000)
  object space 90496K, 57% used [0x00000000e8000000,0x00000000eb270f18,0x00000000ed860000)
 PSPermGen       total 106240K, used 59996K [0x00000000e0000000, 0x00000000e67c0000, 0x00000000e8000000)
  object space 106240K, 56% used [0x00000000e0000000,0x00000000e3a973d8,0x00000000e67c0000)
}

