# JRE version: 7.0_11-b21
# Java VM: Java HotSpot(TM) 64-Bit Server VM (23.6-b04 mixed mode windows-amd64 compressed oops)
Heap
 PSYoungGen      total 88320K, used 45667K [0x00000000fa000000, 0x00000000ffed0000, 0x0000000100000000)
  eden space 80064K, 51% used [0x00000000fa000000,0x00000000fc7fae70,0x00000000fee30000)
  from space 8256K, 57% used [0x00000000ff6c0000,0x00000000ffb5e130,0x00000000ffed0000)
  to   space 8512K, 0% used [0x00000000fee30000,0x00000000fee30000,0x00000000ff680000)
 ParOldGen       total 74432K, used 51452K [0x00000000e8000000, 0x00000000ec8b0000, 0x00000000fa000000)
  object space 74432K, 69% used [0x00000000e8000000,0x00000000eb23f398,0x00000000ec8b0000)
 PSPermGen       total 86272K, used 59216K [0x00000000e0000000, 0x00000000e5440000, 0x00000000e8000000)
  object space 86272K, 68% used [0x00000000e0000000,0x00000000e39d41f8,0x00000000e5440000)
GC Heap History (10 events):
Event: 31.177 GC heap before
{Heap before GC invocations=43 (full 1):
 PSYoungGen      total 84992K, used 77372K [0x00000000fa000000, 0x00000000fff10000, 0x0000000100000000)
  eden space 73600K, 100% used [0x00000000fa000000,0x00000000fe7e0000,0x00000000fe7e0000)
  from space 11392K, 33% used [0x00000000fe7e0000,0x00000000feb8f178,0x00000000ff300000)
  to   space 10752K, 0% used [0x00000000ff490000,0x00000000ff490000,0x00000000fff10000)
 ParOldGen       total 74432K, used 50756K [0x00000000e8000000, 0x00000000ec8b0000, 0x00000000fa000000)
  object space 74432K, 68% used [0x00000000e8000000,0x00000000eb191398,0x00000000ec8b0000)
 PSPermGen       total 86272K, used 56916K [0x00000000e0000000, 0x00000000e5440000, 0x00000000e8000000)
  object space 86272K, 65% used [0x00000000e0000000,0x00000000e3795000,0x00000000e5440000)
Event: 31.180 GC heap after
Heap after GC invocations=43 (full 1):
 PSYoungGen      total 86208K, used 3539K [0x00000000fa000000, 0x00000000ffe60000, 0x0000000100000000)
  eden space 76160K, 0% used [0x00000000fa000000,0x00000000fa000000,0x00000000fea60000)
  from space 10048K, 35% used [0x00000000ff490000,0x00000000ff804c28,0x00000000ffe60000)
  to   space 10240K, 0% used [0x00000000fea60000,0x00000000fea60000,0x00000000ff460000)
 ParOldGen       total 74432K, used 50852K [0x00000000e8000000, 0x00000000ec8b0000, 0x00000000fa000000)
  object space 74432K, 68% used [0x00000000e8000000,0x00000000eb1a9398,0x00000000ec8b0000)
 PSPermGen       total 86272K, used 56916K [0x00000000e0000000, 0x00000000e5440000, 0x00000000e8000000)
  object space 86272K, 65% used [0x00000000e0000000,0x00000000e3795000,0x00000000e5440000)
}
Event: 35.555 GC heap before
{Heap before GC invocations=44 (full 1):
 PSYoungGen      total 86208K, used 79699K [0x00000000fa000000, 0x00000000ffe60000, 0x0000000100000000)
  eden space 76160K, 100% used [0x00000000fa000000,0x00000000fea60000,0x00000000fea60000)
  from space 10048K, 35% used [0x00000000ff490000,0x00000000ff804c28,0x00000000ffe60000)
  to   space 10240K, 0% used [0x00000000fea60000,0x00000000fea60000,0x00000000ff460000)
 ParOldGen       total 74432K, used 50852K [0x00000000e8000000, 0x00000000ec8b0000, 0x00000000fa000000)
  object space 74432K, 68% used [0x00000000e8000000,0x00000000eb1a9398,0x00000000ec8b0000)
 PSPermGen       total 86272K, used 56983K [0x00000000e0000000, 0x00000000e5440000, 0x00000000e8000000)
  object space 86272K, 66% used [0x00000000e0000000,0x00000000e37a5e78,0x00000000e5440000)
Event: 35.559 GC heap after
Heap after GC invocations=44 (full 1):
 PSYoungGen      total 86400K, used 3596K [0x00000000fa000000, 0x00000000fff30000, 0x0000000100000000)
  eden space 76160K, 0% used [0x00000000fa000000,0x00000000fa000000,0x00000000fea60000)
  from space 10240K, 35% used [0x00000000fea60000,0x00000000fede3190,0x00000000ff460000)
  to   space 9728K, 0% used [0x00000000ff5b0000,0x00000000ff5b0000,0x00000000fff30000)
 ParOldGen       total 74432K, used 50892K [0x00000000e8000000, 0x00000000ec8b0000, 0x00000000fa000000)
  object space 74432K, 68% used [0x00000000e8000000,0x00000000eb1b3398,0x00000000ec8b0000)
 PSPermGen       total 86272K, used 56983K [0x00000000e0000000, 0x00000000e5440000, 0x00000000e8000000)
  object space 86272K, 66% used [0x00000000e0000000,0x00000000e37a5e78,0x00000000e5440000)
}
Event: 37.372 GC heap before
{Heap before GC invocations=45 (full 1):
 PSYoungGen      total 86400K, used 79756K [0x00000000fa000000, 0x00000000fff30000, 0x0000000100000000)
  eden space 76160K, 100% used [0x00000000fa000000,0x00000000fea60000,0x00000000fea60000)
  from space 10240K, 35% used [0x00000000fea60000,0x00000000fede3190,0x00000000ff460000)
  to   space 9728K, 0% used [0x00000000ff5b0000,0x00000000ff5b0000,0x00000000fff30000)
 ParOldGen       total 74432K, used 50892K [0x00000000e8000000, 0x00000000ec8b0000, 0x00000000fa000000)
  object space 74432K, 68% used [0x00000000e8000000,0x00000000eb1b3398,0x00000000ec8b0000)
 PSPermGen       total 86272K, used 57099K [0x00000000e0000000, 0x00000000e5440000, 0x00000000e8000000)
  object space 86272K, 66% used [0x00000000e0000000,0x00000000e37c2c50,0x00000000e5440000)
Event: 37.376 GC heap after
Heap after GC invocations=45 (full 1):
 PSYoungGen      total 87360K, used 3666K [0x00000000fa000000, 0x00000000ffe80000, 0x0000000100000000)
  eden space 78336K, 0% used [0x00000000fa000000,0x00000000fa000000,0x00000000fec80000)
  from space 9024K, 40% used [0x00000000ff5b0000,0x00000000ff9448a0,0x00000000ffe80000)
  to   space 9216K, 0% used [0x00000000fec80000,0x00000000fec80000,0x00000000ff580000)
 ParOldGen       total 74432K, used 50924K [0x00000000e8000000, 0x00000000ec8b0000, 0x00000000fa000000)
  object space 74432K, 68% used [0x00000000e8000000,0x00000000eb1bb398,0x00000000ec8b0000)
 PSPermGen       total 86272K, used 57099K [0x00000000e0000000, 0x00000000e5440000, 0x00000000e8000000)
  object space 86272K, 66% used [0x00000000e0000000,0x00000000e37c2c50,0x00000000e5440000)
}
Event: 48.425 GC heap before
{Heap before GC invocations=46 (full 1):
 PSYoungGen      total 87360K, used 82002K [0x00000000fa000000, 0x00000000ffe80000, 0x0000000100000000)
  eden space 78336K, 100% used [0x00000000fa000000,0x00000000fec80000,0x00000000fec80000)
  from space 9024K, 40% used [0x00000000ff5b0000,0x00000000ff9448a0,0x00000000ffe80000)
  to   space 9216K, 0% used [0x00000000fec80000,0x00000000fec80000,0x00000000ff580000)
 ParOldGen       total 74432K, used 50924K [0x00000000e8000000, 0x00000000ec8b0000, 0x00000000fa000000)
  object space 74432K, 68% used [0x00000000e8000000,0x00000000eb1bb398,0x00000000ec8b0000)
 PSPermGen       total 86272K, used 57349K [0x00000000e0000000, 0x00000000e5440000, 0x00000000e8000000)
  object space 86272K, 66% used [0x00000000e0000000,0x00000000e3801478,0x00000000e5440000)
Event: 48.430 GC heap after
Heap after GC invocations=46 (full 1):
 PSYoungGen      total 87552K, used 4114K [0x00000000fa000000, 0x00000000fff50000, 0x0000000100000000)
  eden space 78336K, 0% used [0x00000000fa000000,0x00000000fa000000,0x00000000fec80000)
  from space 9216K, 44% used [0x00000000fec80000,0x00000000ff0848a0,0x00000000ff580000)
  to   space 8768K, 0% used [0x00000000ff6c0000,0x00000000ff6c0000,0x00000000fff50000)
 ParOldGen       total 74432K, used 51180K [0x00000000e8000000, 0x00000000ec8b0000, 0x00000000fa000000)
  object space 74432K, 68% used [0x00000000e8000000,0x00000000eb1fb398,0x00000000ec8b0000)
 PSPermGen       total 86272K, used 57349K [0x00000000e0000000, 0x00000000e5440000, 0x00000000e8000000)
  object space 86272K, 66% used [0x00000000e0000000,0x00000000e3801478,0x00000000e5440000)
}
Event: 63.446 GC heap before
{Heap before GC invocations=47 (full 1):
 PSYoungGen      total 87552K, used 82450K [0x00000000fa000000, 0x00000000fff50000, 0x0000000100000000)
  eden space 78336K, 100% used [0x00000000fa000000,0x00000000fec80000,0x00000000fec80000)
  from space 9216K, 44% used [0x00000000fec80000,0x00000000ff0848a0,0x00000000ff580000)
  to   space 8768K, 0% used [0x00000000ff6c0000,0x00000000ff6c0000,0x00000000fff50000)
 ParOldGen       total 74432K, used 51180K [0x00000000e8000000, 0x00000000ec8b0000, 0x00000000fa000000)
  object space 74432K, 68% used [0x00000000e8000000,0x00000000eb1fb398,0x00000000ec8b0000)
 PSPermGen       total 86272K, used 58815K [0x00000000e0000000, 0x00000000e5440000, 0x00000000e8000000)
  object space 86272K, 68% used [0x00000000e0000000,0x00000000e396fe20,0x00000000e5440000)
Event: 63.451 GC heap after
Heap after GC invocations=47 (full 1):
 PSYoungGen      total 88320K, used 4728K [0x00000000fa000000, 0x00000000ffed0000, 0x0000000100000000)
  eden space 80064K, 0% used [0x00000000fa000000,0x00000000fa000000,0x00000000fee30000)
  from space 8256K, 57% used [0x00000000ff6c0000,0x00000000ffb5e130,0x00000000ffed0000)
  to   space 8512K, 0% used [0x00000000fee30000,0x00000000fee30000,0x00000000ff680000)
 ParOldGen       total 74432K, used 51452K [0x00000000e8000000, 0x00000000ec8b0000, 0x00000000fa000000)
  object space 74432K, 69% used [0x00000000e8000000,0x00000000eb23f398,0x00000000ec8b0000)
 PSPermGen       total 86272K, used 58815K [0x00000000e0000000, 0x00000000e5440000, 0x00000000e8000000)
  object space 86272K, 68% used [0x00000000e0000000,0x00000000e396fe20,0x00000000e5440000)
}

